<?xml version="1.0" encoding="UTF-8"?>
<!-- Generated by org.testng.reporters.JUnitXMLReporter -->
<testsuite ignored="0" hostname="LAPTOP-PCSNN475" failures="0" tests="4" name="Submit Order Test" time="39.878" errors="0" timestamp="2025-01-02T15:20:14 IST">
  <testcase classname="AutomationTesting.tests.SubmitOrderTest" name="submitOrderTest" time="4.379"/>
  <testcase classname="AutomationTesting.tests.SubmitOrderTest" name="submitOrderTest" time="4.628"/>
  <testcase classname="AutomationTesting.tests.SubmitOrderTest" name="OrderHistoryTest" time="1.71"/>
  <testcase classname="AutomationTesting.tests.SubmitOrderTest" name="OrderHistoryTest" time="1.553"/>
</testsuite> <!-- Submit Order Test -->
